INFO - 2024-03-19 03:09:36,069 - Loaded pickles
INFO - 2024-03-19 03:09:36,154 - Processing family_groups_0.txt
INFO - 2024-03-19 03:09:36,154 - Processing Tombusviridae-8
INFO - 2024-03-19 03:09:47,340 - Starting MWAS for nan
INFO - 2024-03-19 03:11:44,068 - Loaded pickles
INFO - 2024-03-19 03:11:44,153 - Processing family_groups_0.txt
INFO - 2024-03-19 03:11:44,154 - Processing Tombusviridae-8
INFO - 2024-03-19 03:12:29,312 - Loaded pickles
INFO - 2024-03-19 03:12:29,397 - Processing family_groups_0.txt
INFO - 2024-03-19 03:12:29,397 - Processing Tombusviridae-8
INFO - 2024-03-19 03:13:09,518 - Loaded pickles
INFO - 2024-03-19 03:13:09,602 - Processing family_groups_0.txt
INFO - 2024-03-19 03:13:09,602 - Processing Tombusviridae-8
INFO - 2024-03-19 03:13:27,322 - Loaded pickles
INFO - 2024-03-19 03:13:27,408 - Processing family_groups_0.txt
INFO - 2024-03-19 03:13:27,408 - Processing Tombusviridae-8
INFO - 2024-03-19 03:14:03,733 - Loaded pickles
INFO - 2024-03-19 03:14:03,818 - Processing family_groups_0.txt
INFO - 2024-03-19 03:14:03,818 - Processing Tombusviridae-8
INFO - 2024-03-19 03:17:35,886 - Loaded pickles
INFO - 2024-03-19 03:17:35,972 - Processing family_groups_0.txt
INFO - 2024-03-19 03:17:35,972 - Processing Tombusviridae-8
INFO - 2024-03-19 03:18:53,357 - Loaded pickles
INFO - 2024-03-19 03:18:53,442 - Processing family_groups_0.txt
INFO - 2024-03-19 03:18:53,442 - Processing Tombusviridae-8
INFO - 2024-03-19 03:20:42,347 - Loaded pickles
INFO - 2024-03-19 03:20:42,432 - Processing family_groups_0.txt
INFO - 2024-03-19 03:20:42,432 - Processing Tombusviridae-8
INFO - 2024-03-19 03:21:26,932 - Loaded pickles
INFO - 2024-03-19 03:21:27,017 - Processing family_groups_0.txt
INFO - 2024-03-19 03:21:27,017 - Processing Tombusviridae-8
INFO - 2024-03-19 03:22:06,462 - Loaded pickles
INFO - 2024-03-19 03:22:06,547 - Processing family_groups_0.txt
INFO - 2024-03-19 03:22:06,547 - Processing Tombusviridae-8
INFO - 2024-03-19 03:22:28,975 - Loaded pickles
INFO - 2024-03-19 03:22:29,059 - Processing family_groups_0.txt
INFO - 2024-03-19 03:22:29,059 - Processing Tombusviridae-8
INFO - 2024-03-19 03:26:46,056 - Loaded pickles
INFO - 2024-03-19 03:26:46,141 - Processing family_groups_0.txt
INFO - 2024-03-19 03:26:46,141 - Processing Tombusviridae-8
INFO - 2024-03-19 03:31:08,385 - Loaded pickles
INFO - 2024-03-19 03:31:08,470 - Processing family_groups_0.txt
INFO - 2024-03-19 03:31:08,470 - Processing Tombusviridae-8
INFO - 2024-03-19 03:37:31,671 - Loaded pickles
INFO - 2024-03-19 03:37:31,755 - Connected to S3 bucket
INFO - 2024-03-19 03:37:31,755 - Processing family_groups_0.txt
INFO - 2024-03-19 03:37:31,755 - Processing Tombusviridae-8
